2023-02-22 01:58:58,678 - ElectricKettle - INFO - Начинаем работу
2023-02-22 02:10:39,806 - ElectricKettle - INFO - Действие '1' было выполнено
2023-02-22 02:10:39,806 - ElectricKettle - INFO - Действие '1' было выполнено
2023-02-22 02:10:53,401 - ElectricKettle - INFO - Действие '2' было выполнено
2023-02-22 02:10:53,401 - ElectricKettle - INFO - Действие '2' было выполнено
2023-02-22 02:10:57,194 - ElectricKettle - INFO - Действие '3' было выполнено
2023-02-22 02:10:57,194 - ElectricKettle - INFO - Действие '3' было выполнено
2023-02-22 02:12:25,464 - ElectricKettle - INFO - Действие '1' было выполнено
2023-02-22 02:12:25,464 - ElectricKettle - INFO - Действие '1' было выполнено
2023-02-22 02:12:31,003 - ElectricKettle - INFO - Действие '2' было выполнено
2023-02-22 02:12:31,003 - ElectricKettle - INFO - Действие '2' было выполнено
2023-02-22 02:12:34,836 - ElectricKettle - INFO - Действие '3' было выполнено
2023-02-22 02:12:34,836 - ElectricKettle - INFO - Действие '3' было выполнено
2023-02-22 02:14:43,789 - ElectricKettle - INFO - Действие '1' было выполнено
2023-02-22 02:14:43,789 - ElectricKettle - INFO - Р”РµР№СЃС‚РІРёРµ '1' Р±С‹Р»Рѕ РІС‹РїРѕР»РЅРµРЅРѕ
2023-02-22 02:14:45,376 - ElectricKettle - INFO - Действие '2' было выполнено
2023-02-22 02:14:45,376 - ElectricKettle - INFO - Р”РµР№СЃС‚РІРёРµ '2' Р±С‹Р»Рѕ РІС‹РїРѕР»РЅРµРЅРѕ
2023-02-22 02:14:49,974 - ElectricKettle - INFO - Действие '3' было выполнено
2023-02-22 02:14:49,974 - ElectricKettle - INFO - Р”РµР№СЃС‚РІРёРµ '3' Р±С‹Р»Рѕ РІС‹РїРѕР»РЅРµРЅРѕ
2023-02-22 02:16:49,930 - ElectricKettle - INFO - Действие '1' было выполнено
2023-02-22 02:16:49,930 - ElectricKettle - INFO - Р”РµР№СЃС‚РІРёРµ '1' Р±С‹Р»Рѕ РІС‹РїРѕР»РЅРµРЅРѕ
2023-02-22 02:16:51,794 - ElectricKettle - INFO - Действие '2' было выполнено
2023-02-22 02:16:51,794 - ElectricKettle - INFO - Р”РµР№СЃС‚РІРёРµ '2' Р±С‹Р»Рѕ РІС‹РїРѕР»РЅРµРЅРѕ
2023-02-22 02:16:57,039 - ElectricKettle - ERROR - Неверная команда
2023-02-22 02:16:57,039 - ElectricKettle - ERROR - РќРµРІРµСЂРЅР°СЏ РєРѕРјР°РЅРґР°
2023-02-22 02:17:00,126 - ElectricKettle - INFO - Действие '3' было выполнено
2023-02-22 02:17:00,126 - ElectricKettle - INFO - Р”РµР№СЃС‚РІРёРµ '3' Р±С‹Р»Рѕ РІС‹РїРѕР»РЅРµРЅРѕ
2023-02-22 02:17:42,122 - ElectricKettle - INFO - Действие '1' было выполнено
Р”РµР№СЃС‚РІРёРµ '1' Р±С‹Р»Рѕ РІС‹РїРѕР»РЅРµРЅРѕ
2023-02-22 02:17:44,728 - ElectricKettle - INFO - Действие '2' было выполнено
Р”РµР№СЃС‚РІРёРµ '2' Р±С‹Р»Рѕ РІС‹РїРѕР»РЅРµРЅРѕ
2023-02-22 02:17:47,498 - ElectricKettle - INFO - Действие '3' было выполнено
Р”РµР№СЃС‚РІРёРµ '3' Р±С‹Р»Рѕ РІС‹РїРѕР»РЅРµРЅРѕ
2023-02-22 02:28:12,458 - ElectricKettle - INFO - Действие '1' было выполнено
2023-02-22 02:28:12,458 - ElectricKettle - INFO - Р”РµР№СЃС‚РІРёРµ '1' Р±С‹Р»Рѕ РІС‹РїРѕР»РЅРµРЅРѕ
2023-02-22 02:28:13,912 - ElectricKettle - INFO - Действие '2' было выполнено
2023-02-22 02:28:13,912 - ElectricKettle - INFO - Р”РµР№СЃС‚РІРёРµ '2' Р±С‹Р»Рѕ РІС‹РїРѕР»РЅРµРЅРѕ
2023-02-22 02:28:17,012 - ElectricKettle - ERROR - Неверная команда
2023-02-22 02:28:17,012 - ElectricKettle - ERROR - РќРµРІРµСЂРЅР°СЏ РєРѕРјР°РЅРґР°
2023-02-22 02:28:19,493 - ElectricKettle - INFO - Действие '3' было выполнено
2023-02-22 02:28:19,493 - ElectricKettle - INFO - Р”РµР№СЃС‚РІРёРµ '3' Р±С‹Р»Рѕ РІС‹РїРѕР»РЅРµРЅРѕ
2023-02-22 02:48:44,787 - ElectricKettle - INFO - Действие '1' было выполнено
2023-02-22 02:48:44,787 - ElectricKettle - INFO - Действие '1' было выполнено
2023-02-22 02:48:44,787 - ElectricKettle - INFO - Р”РµР№СЃС‚РІРёРµ '1' Р±С‹Р»Рѕ РІС‹РїРѕР»РЅРµРЅРѕ
2023-02-22 02:48:50,519 - ElectricKettle - ERROR - Ошибка: Слишком много воды
2023-02-22 02:48:50,519 - ElectricKettle - ERROR - Ошибка: Слишком много воды
2023-02-22 02:48:50,519 - ElectricKettle - ERROR - РћС€РёР±РєР°: РЎР»РёС€РєРѕРј РјРЅРѕРіРѕ РІРѕРґС‹
2023-02-22 02:49:22,908 - ElectricKettle - INFO - Действие '1' было выполнено
2023-02-22 02:49:22,908 - ElectricKettle - INFO - Действие '1' было выполнено
2023-02-22 02:49:22,908 - ElectricKettle - INFO - Р”РµР№СЃС‚РІРёРµ '1' Р±С‹Р»Рѕ РІС‹РїРѕР»РЅРµРЅРѕ
2023-02-22 02:49:31,043 - ElectricKettle - ERROR - Ошибка: Слишком много воды
2023-02-22 02:49:31,043 - ElectricKettle - ERROR - Ошибка: Слишком много воды
2023-02-22 02:49:31,043 - ElectricKettle - ERROR - РћС€РёР±РєР°: РЎР»РёС€РєРѕРј РјРЅРѕРіРѕ РІРѕРґС‹
2023-02-22 02:51:40,559 - ElectricKettle - INFO - Действие '1' было выполнено
2023-02-22 02:51:40,559 - ElectricKettle - INFO - Действие '1' было выполнено
2023-02-22 02:51:40,559 - ElectricKettle - INFO - Р”РµР№СЃС‚РІРёРµ '1' Р±С‹Р»Рѕ РІС‹РїРѕР»РЅРµРЅРѕ
2023-02-22 02:51:44,456 - ElectricKettle - ERROR - Ошибка: Слишком много воды
2023-02-22 02:51:44,456 - ElectricKettle - ERROR - Ошибка: Слишком много воды
2023-02-22 02:51:44,456 - ElectricKettle - ERROR - РћС€РёР±РєР°: РЎР»РёС€РєРѕРј РјРЅРѕРіРѕ РІРѕРґС‹
2023-02-22 10:17:42,639 - ElectricKettle - INFO - Действие '1' было выполнено
2023-02-22 10:17:42,639 - ElectricKettle - INFO - Р”РµР№СЃС‚РІРёРµ '1' Р±С‹Р»Рѕ РІС‹РїРѕР»РЅРµРЅРѕ
2023-02-22 10:17:47,829 - ElectricKettle - INFO - Действие '1' было выполнено
2023-02-22 10:17:47,829 - ElectricKettle - INFO - Р”РµР№СЃС‚РІРёРµ '1' Р±С‹Р»Рѕ РІС‹РїРѕР»РЅРµРЅРѕ
2023-02-22 10:17:52,380 - ElectricKettle - INFO - Действие '1' было выполнено
2023-02-22 10:17:52,380 - ElectricKettle - INFO - Р”РµР№СЃС‚РІРёРµ '1' Р±С‹Р»Рѕ РІС‹РїРѕР»РЅРµРЅРѕ
2023-02-22 10:17:55,845 - ElectricKettle - INFO - Действие '4' было выполнено
2023-02-22 10:17:55,845 - ElectricKettle - INFO - Р”РµР№СЃС‚РІРёРµ '4' Р±С‹Р»Рѕ РІС‹РїРѕР»РЅРµРЅРѕ
2023-02-22 10:19:53,019 - ElectricKettle - INFO - Действие '1' было выполнено
2023-02-22 10:19:53,019 - ElectricKettle - INFO - Р”РµР№СЃС‚РІРёРµ '1' Р±С‹Р»Рѕ РІС‹РїРѕР»РЅРµРЅРѕ
2023-02-22 10:19:55,834 - ElectricKettle - INFO - Действие '2' было выполнено
2023-02-22 10:19:55,834 - ElectricKettle - INFO - Р”РµР№СЃС‚РІРёРµ '2' Р±С‹Р»Рѕ РІС‹РїРѕР»РЅРµРЅРѕ
2023-02-22 10:19:59,334 - ElectricKettle - INFO - Действие '3' было выполнено
2023-02-22 10:19:59,334 - ElectricKettle - INFO - Р”РµР№СЃС‚РІРёРµ '3' Р±С‹Р»Рѕ РІС‹РїРѕР»РЅРµРЅРѕ
2023-02-22 10:20:04,757 - ElectricKettle - INFO - Действие '6' было выполнено
2023-02-22 10:20:04,757 - ElectricKettle - INFO - Р”РµР№СЃС‚РІРёРµ '6' Р±С‹Р»Рѕ РІС‹РїРѕР»РЅРµРЅРѕ
2023-02-22 10:20:08,012 - ElectricKettle - INFO - Действие '2' было выполнено
2023-02-22 10:20:08,012 - ElectricKettle - INFO - Р”РµР№СЃС‚РІРёРµ '2' Р±С‹Р»Рѕ РІС‹РїРѕР»РЅРµРЅРѕ
2023-02-22 10:20:11,678 - ElectricKettle - INFO - Действие '3' было выполнено
2023-02-22 10:20:11,678 - ElectricKettle - INFO - Р”РµР№СЃС‚РІРёРµ '3' Р±С‹Р»Рѕ РІС‹РїРѕР»РЅРµРЅРѕ
2023-02-22 10:31:05,367 - ElectricKettle - INFO - Действие '1' было выполнено
2023-02-22 10:31:05,367 - ElectricKettle - INFO - Р”РµР№СЃС‚РІРёРµ '1' Р±С‹Р»Рѕ РІС‹РїРѕР»РЅРµРЅРѕ
2023-02-22 10:31:10,771 - ElectricKettle - ERROR - Ошибка: Слишком много воды
2023-02-22 10:31:10,771 - ElectricKettle - ERROR - РћС€РёР±РєР°: РЎР»РёС€РєРѕРј РјРЅРѕРіРѕ РІРѕРґС‹
2023-02-22 10:31:13,436 - ElectricKettle - INFO - Действие '2' было выполнено
2023-02-22 10:31:13,436 - ElectricKettle - INFO - Р”РµР№СЃС‚РІРёРµ '2' Р±С‹Р»Рѕ РІС‹РїРѕР»РЅРµРЅРѕ
2023-02-22 10:31:17,434 - ElectricKettle - INFO - Действие '3' было выполнено
2023-02-22 10:31:17,434 - ElectricKettle - INFO - Р”РµР№СЃС‚РІРёРµ '3' Р±С‹Р»Рѕ РІС‹РїРѕР»РЅРµРЅРѕ
2023-02-22 10:31:31,621 - ElectricKettle - INFO - Действие '1' было выполнено
2023-02-22 10:31:31,621 - ElectricKettle - INFO - Р”РµР№СЃС‚РІРёРµ '1' Р±С‹Р»Рѕ РІС‹РїРѕР»РЅРµРЅРѕ
2023-02-22 10:31:32,598 - ElectricKettle - INFO - Действие '2' было выполнено
2023-02-22 10:31:32,598 - ElectricKettle - INFO - Р”РµР№СЃС‚РІРёРµ '2' Р±С‹Р»Рѕ РІС‹РїРѕР»РЅРµРЅРѕ
2023-02-22 10:31:36,613 - ElectricKettle - INFO - Действие '3' было выполнено
2023-02-22 10:31:36,613 - ElectricKettle - INFO - Р”РµР№СЃС‚РІРёРµ '3' Р±С‹Р»Рѕ РІС‹РїРѕР»РЅРµРЅРѕ
2023-02-22 10:32:13,165 - ElectricKettle - INFO - Действие '1' было выполнено
2023-02-22 10:32:13,165 - ElectricKettle - INFO - Р”РµР№СЃС‚РІРёРµ '1' Р±С‹Р»Рѕ РІС‹РїРѕР»РЅРµРЅРѕ
2023-02-22 10:32:14,301 - ElectricKettle - INFO - Действие '2' было выполнено
2023-02-22 10:32:14,301 - ElectricKettle - INFO - Р”РµР№СЃС‚РІРёРµ '2' Р±С‹Р»Рѕ РІС‹РїРѕР»РЅРµРЅРѕ
2023-02-22 10:33:12,097 - ElectricKettle - INFO - Действие '1' было выполнено
2023-02-22 10:33:12,097 - ElectricKettle - INFO - Р”РµР№СЃС‚РІРёРµ '1' Р±С‹Р»Рѕ РІС‹РїРѕР»РЅРµРЅРѕ
2023-02-22 10:33:13,324 - ElectricKettle - INFO - Действие '2' было выполнено
2023-02-22 10:33:13,324 - ElectricKettle - INFO - Р”РµР№СЃС‚РІРёРµ '2' Р±С‹Р»Рѕ РІС‹РїРѕР»РЅРµРЅРѕ
2023-02-22 10:34:26,554 - ElectricKettle - INFO - Действие '1' было выполнено
2023-02-22 10:34:26,554 - ElectricKettle - INFO - Р”РµР№СЃС‚РІРёРµ '1' Р±С‹Р»Рѕ РІС‹РїРѕР»РЅРµРЅРѕ
2023-02-22 10:34:27,634 - ElectricKettle - INFO - Действие '2' было выполнено
2023-02-22 10:34:27,634 - ElectricKettle - INFO - Р”РµР№СЃС‚РІРёРµ '2' Р±С‹Р»Рѕ РІС‹РїРѕР»РЅРµРЅРѕ
2023-02-22 10:34:39,091 - ElectricKettle - INFO - Действие '2' было выполнено
2023-02-22 10:34:39,091 - ElectricKettle - INFO - Р”РµР№СЃС‚РІРёРµ '2' Р±С‹Р»Рѕ РІС‹РїРѕР»РЅРµРЅРѕ
2023-02-22 10:36:14,540 - ElectricKettle - ERROR - Ошибка: Слишком много воды
2023-02-22 10:36:14,540 - ElectricKettle - ERROR - РћС€РёР±РєР°: РЎР»РёС€РєРѕРј РјРЅРѕРіРѕ РІРѕРґС‹
2023-02-22 10:36:18,218 - ElectricKettle - INFO - Действие '2' было выполнено
2023-02-22 10:36:18,218 - ElectricKettle - INFO - Р”РµР№СЃС‚РІРёРµ '2' Р±С‹Р»Рѕ РІС‹РїРѕР»РЅРµРЅРѕ
2023-02-22 10:37:54,245 - ElectricKettle - INFO - Действие '1' было выполнено
2023-02-22 10:37:54,245 - ElectricKettle - INFO - Р”РµР№СЃС‚РІРёРµ '1' Р±С‹Р»Рѕ РІС‹РїРѕР»РЅРµРЅРѕ
2023-02-22 10:37:55,229 - ElectricKettle - INFO - Действие '2' было выполнено
2023-02-22 10:37:55,229 - ElectricKettle - INFO - Р”РµР№СЃС‚РІРёРµ '2' Р±С‹Р»Рѕ РІС‹РїРѕР»РЅРµРЅРѕ
2023-02-22 10:37:58,573 - ElectricKettle - INFO - Действие '3' было выполнено
2023-02-22 10:37:58,573 - ElectricKettle - INFO - Р”РµР№СЃС‚РІРёРµ '3' Р±С‹Р»Рѕ РІС‹РїРѕР»РЅРµРЅРѕ
2023-02-22 10:38:06,464 - ElectricKettle - ERROR - Ошибка: Слишком много воды
2023-02-22 10:38:06,464 - ElectricKettle - ERROR - РћС€РёР±РєР°: РЎР»РёС€РєРѕРј РјРЅРѕРіРѕ РІРѕРґС‹
2023-02-22 10:38:07,720 - ElectricKettle - INFO - Действие '2' было выполнено
2023-02-22 10:38:07,720 - ElectricKettle - INFO - Р”РµР№СЃС‚РІРёРµ '2' Р±С‹Р»Рѕ РІС‹РїРѕР»РЅРµРЅРѕ
2023-02-22 10:38:26,317 - ElectricKettle - INFO - Действие '1' было выполнено
2023-02-22 10:38:26,317 - ElectricKettle - INFO - Р”РµР№СЃС‚РІРёРµ '1' Р±С‹Р»Рѕ РІС‹РїРѕР»РЅРµРЅРѕ
2023-02-22 10:38:27,729 - ElectricKettle - INFO - Действие '2' было выполнено
2023-02-22 10:38:27,729 - ElectricKettle - INFO - Р”РµР№СЃС‚РІРёРµ '2' Р±С‹Р»Рѕ РІС‹РїРѕР»РЅРµРЅРѕ
2023-02-22 10:38:31,036 - ElectricKettle - INFO - Действие '3' было выполнено
2023-02-22 10:38:31,036 - ElectricKettle - INFO - Р”РµР№СЃС‚РІРёРµ '3' Р±С‹Р»Рѕ РІС‹РїРѕР»РЅРµРЅРѕ
2023-02-22 10:38:35,652 - ElectricKettle - INFO - Действие '2' было выполнено
2023-02-22 10:38:35,652 - ElectricKettle - INFO - Р”РµР№СЃС‚РІРёРµ '2' Р±С‹Р»Рѕ РІС‹РїРѕР»РЅРµРЅРѕ
2023-02-22 10:38:38,264 - ElectricKettle - INFO - Действие '3' было выполнено
2023-02-22 10:38:38,264 - ElectricKettle - INFO - Р”РµР№СЃС‚РІРёРµ '3' Р±С‹Р»Рѕ РІС‹РїРѕР»РЅРµРЅРѕ
2023-02-22 10:38:45,134 - ElectricKettle - INFO - Действие '2' было выполнено
2023-02-22 10:38:45,134 - ElectricKettle - INFO - Р”РµР№СЃС‚РІРёРµ '2' Р±С‹Р»Рѕ РІС‹РїРѕР»РЅРµРЅРѕ
2023-02-22 10:41:53,488 - ElectricKettle - INFO - Действие '1' было выполнено
2023-02-22 10:41:53,488 - ElectricKettle - INFO - Р”РµР№СЃС‚РІРёРµ '1' Р±С‹Р»Рѕ РІС‹РїРѕР»РЅРµРЅРѕ
2023-02-22 10:41:54,745 - ElectricKettle - INFO - Действие '2' было выполнено
2023-02-22 10:41:54,745 - ElectricKettle - INFO - Р”РµР№СЃС‚РІРёРµ '2' Р±С‹Р»Рѕ РІС‹РїРѕР»РЅРµРЅРѕ
2023-02-22 11:12:08,660 - ElectricKettle - INFO - Действие '1' было выполнено
2023-02-22 11:12:08,660 - ElectricKettle - INFO - Р”РµР№СЃС‚РІРёРµ '1' Р±С‹Р»Рѕ РІС‹РїРѕР»РЅРµРЅРѕ
2023-02-22 11:12:09,812 - ElectricKettle - INFO - Действие '2' было выполнено
2023-02-22 11:12:09,812 - ElectricKettle - INFO - Р”РµР№СЃС‚РІРёРµ '2' Р±С‹Р»Рѕ РІС‹РїРѕР»РЅРµРЅРѕ
2023-02-22 11:12:14,477 - ElectricKettle - INFO - Действие '3' было выполнено
2023-02-22 11:12:14,477 - ElectricKettle - INFO - Р”РµР№СЃС‚РІРёРµ '3' Р±С‹Р»Рѕ РІС‹РїРѕР»РЅРµРЅРѕ
2023-02-22 11:12:16,668 - ElectricKettle - INFO - Действие '2' было выполнено
2023-02-22 11:12:16,668 - ElectricKettle - INFO - Р”РµР№СЃС‚РІРёРµ '2' Р±С‹Р»Рѕ РІС‹РїРѕР»РЅРµРЅРѕ
2023-02-22 11:12:19,187 - ElectricKettle - INFO - Действие '3' было выполнено
2023-02-22 11:12:19,187 - ElectricKettle - INFO - Р”РµР№СЃС‚РІРёРµ '3' Р±С‹Р»Рѕ РІС‹РїРѕР»РЅРµРЅРѕ
2023-02-22 11:12:24,603 - ElectricKettle - INFO - Действие '5' было выполнено
2023-02-22 11:12:24,603 - ElectricKettle - INFO - Р”РµР№СЃС‚РІРёРµ '5' Р±С‹Р»Рѕ РІС‹РїРѕР»РЅРµРЅРѕ
2023-02-22 11:17:19,071 - ElectricKettle - INFO - Действие '1' было выполнено
2023-02-22 11:17:19,071 - ElectricKettle - INFO - Р”РµР№СЃС‚РІРёРµ '1' Р±С‹Р»Рѕ РІС‹РїРѕР»РЅРµРЅРѕ
2023-02-22 11:17:20,125 - ElectricKettle - INFO - Действие '2' было выполнено
2023-02-22 11:17:20,125 - ElectricKettle - INFO - Р”РµР№СЃС‚РІРёРµ '2' Р±С‹Р»Рѕ РІС‹РїРѕР»РЅРµРЅРѕ
2023-02-22 11:17:24,102 - ElectricKettle - INFO - Действие '3' было выполнено
2023-02-22 11:17:24,102 - ElectricKettle - INFO - Р”РµР№СЃС‚РІРёРµ '3' Р±С‹Р»Рѕ РІС‹РїРѕР»РЅРµРЅРѕ
2023-02-22 11:45:20,085 - ElectricKettle - INFO - Действие '1' было выполнено
2023-02-22 11:45:20,085 - ElectricKettle - INFO - Р”РµР№СЃС‚РІРёРµ '1' Р±С‹Р»Рѕ РІС‹РїРѕР»РЅРµРЅРѕ
2023-02-22 11:45:21,070 - ElectricKettle - INFO - Действие '2' было выполнено
2023-02-22 11:45:21,070 - ElectricKettle - INFO - Р”РµР№СЃС‚РІРёРµ '2' Р±С‹Р»Рѕ РІС‹РїРѕР»РЅРµРЅРѕ
2023-02-22 11:45:24,427 - ElectricKettle - INFO - Действие '3' было выполнено
2023-02-22 11:45:24,427 - ElectricKettle - INFO - Р”РµР№СЃС‚РІРёРµ '3' Р±С‹Р»Рѕ РІС‹РїРѕР»РЅРµРЅРѕ
2023-02-22 11:45:26,123 - ElectricKettle - INFO - Действие '4' было выполнено
2023-02-22 11:45:26,123 - ElectricKettle - INFO - Р”РµР№СЃС‚РІРёРµ '4' Р±С‹Р»Рѕ РІС‹РїРѕР»РЅРµРЅРѕ
2023-02-22 13:57:22,326 - ElectricKettle - INFO - Действие '1' было выполнено
2023-02-22 13:57:22,326 - ElectricKettle - INFO - Р”РµР№СЃС‚РІРёРµ '1' Р±С‹Р»Рѕ РІС‹РїРѕР»РЅРµРЅРѕ
2023-02-22 13:57:28,896 - ElectricKettle - INFO - Действие '2' было выполнено
2023-02-22 13:57:28,896 - ElectricKettle - INFO - Р”РµР№СЃС‚РІРёРµ '2' Р±С‹Р»Рѕ РІС‹РїРѕР»РЅРµРЅРѕ
2023-02-22 13:57:32,756 - ElectricKettle - INFO - Действие '3' было выполнено
2023-02-22 13:57:32,756 - ElectricKettle - INFO - Р”РµР№СЃС‚РІРёРµ '3' Р±С‹Р»Рѕ РІС‹РїРѕР»РЅРµРЅРѕ
2023-02-22 13:57:37,195 - ElectricKettle - INFO - Действие '6' было выполнено
2023-02-22 13:57:37,195 - ElectricKettle - INFO - Р”РµР№СЃС‚РІРёРµ '6' Р±С‹Р»Рѕ РІС‹РїРѕР»РЅРµРЅРѕ
2023-02-22 13:57:52,608 - ElectricKettle - INFO - Действие '5' было выполнено
2023-02-22 13:57:52,608 - ElectricKettle - INFO - Р”РµР№СЃС‚РІРёРµ '5' Р±С‹Р»Рѕ РІС‹РїРѕР»РЅРµРЅРѕ
2023-02-22 13:59:57,169 - ElectricKettle - ERROR - Ошибка: Слишком много воды
2023-02-22 13:59:57,169 - ElectricKettle - ERROR - РћС€РёР±РєР°: РЎР»РёС€РєРѕРј РјРЅРѕРіРѕ РІРѕРґС‹
2023-02-22 13:59:58,570 - ElectricKettle - INFO - Действие '2' было выполнено
2023-02-22 13:59:58,570 - ElectricKettle - INFO - Р”РµР№СЃС‚РІРёРµ '2' Р±С‹Р»Рѕ РІС‹РїРѕР»РЅРµРЅРѕ
2023-02-22 14:01:37,707 - ElectricKettle - ERROR - Ошибка: Слишком много воды
2023-02-22 14:01:37,707 - ElectricKettle - ERROR - РћС€РёР±РєР°: РЎР»РёС€РєРѕРј РјРЅРѕРіРѕ РІРѕРґС‹
2023-02-22 14:01:39,492 - ElectricKettle - INFO - Действие '2' было выполнено
2023-02-22 14:01:39,492 - ElectricKettle - INFO - Р”РµР№СЃС‚РІРёРµ '2' Р±С‹Р»Рѕ РІС‹РїРѕР»РЅРµРЅРѕ
2023-02-22 14:01:43,510 - ElectricKettle - INFO - Действие '4' было выполнено
2023-02-22 14:01:43,510 - ElectricKettle - INFO - Р”РµР№СЃС‚РІРёРµ '4' Р±С‹Р»Рѕ РІС‹РїРѕР»РЅРµРЅРѕ
2023-02-22 14:01:45,505 - ElectricKettle - INFO - Действие '1' было выполнено
2023-02-22 14:01:45,505 - ElectricKettle - INFO - Р”РµР№СЃС‚РІРёРµ '1' Р±С‹Р»Рѕ РІС‹РїРѕР»РЅРµРЅРѕ
2023-02-22 14:01:47,279 - ElectricKettle - INFO - Действие '2' было выполнено
2023-02-22 14:01:47,279 - ElectricKettle - INFO - Р”РµР№СЃС‚РІРёРµ '2' Р±С‹Р»Рѕ РІС‹РїРѕР»РЅРµРЅРѕ
2023-02-22 14:07:05,326 - ElectricKettle - INFO - Действие '1' было выполнено
2023-02-22 14:07:05,326 - ElectricKettle - INFO - Р”РµР№СЃС‚РІРёРµ '1' Р±С‹Р»Рѕ РІС‹РїРѕР»РЅРµРЅРѕ
2023-02-22 14:07:06,308 - ElectricKettle - INFO - Действие '2' было выполнено
2023-02-22 14:07:06,308 - ElectricKettle - INFO - Р”РµР№СЃС‚РІРёРµ '2' Р±С‹Р»Рѕ РІС‹РїРѕР»РЅРµРЅРѕ
2023-02-22 14:08:46,445 - ElectricKettle - INFO - Действие '1' было выполнено
2023-02-22 14:08:46,445 - ElectricKettle - INFO - Р”РµР№СЃС‚РІРёРµ '1' Р±С‹Р»Рѕ РІС‹РїРѕР»РЅРµРЅРѕ
2023-02-22 14:08:47,643 - ElectricKettle - INFO - Действие '2' было выполнено
2023-02-22 14:08:47,643 - ElectricKettle - INFO - Р”РµР№СЃС‚РІРёРµ '2' Р±С‹Р»Рѕ РІС‹РїРѕР»РЅРµРЅРѕ
2023-02-22 14:13:16,677 - ElectricKettle - ERROR - Ошибка: Слишком много воды
2023-02-22 14:13:16,677 - ElectricKettle - ERROR - РћС€РёР±РєР°: РЎР»РёС€РєРѕРј РјРЅРѕРіРѕ РІРѕРґС‹
2023-02-22 14:13:17,823 - ElectricKettle - INFO - Действие '2' было выполнено
2023-02-22 14:13:17,823 - ElectricKettle - INFO - Р”РµР№СЃС‚РІРёРµ '2' Р±С‹Р»Рѕ РІС‹РїРѕР»РЅРµРЅРѕ
2023-02-22 14:13:24,118 - ElectricKettle - INFO - Действие '2' было выполнено
2023-02-22 14:13:24,118 - ElectricKettle - INFO - Р”РµР№СЃС‚РІРёРµ '2' Р±С‹Р»Рѕ РІС‹РїРѕР»РЅРµРЅРѕ
2023-02-22 14:13:28,505 - ElectricKettle - INFO - Действие '4' было выполнено
2023-02-22 14:13:28,505 - ElectricKettle - INFO - Р”РµР№СЃС‚РІРёРµ '4' Р±С‹Р»Рѕ РІС‹РїРѕР»РЅРµРЅРѕ
2023-02-22 14:13:29,949 - ElectricKettle - INFO - Действие '1' было выполнено
2023-02-22 14:13:29,949 - ElectricKettle - INFO - Р”РµР№СЃС‚РІРёРµ '1' Р±С‹Р»Рѕ РІС‹РїРѕР»РЅРµРЅРѕ
2023-02-22 14:13:30,812 - ElectricKettle - INFO - Действие '2' было выполнено
2023-02-22 14:13:30,812 - ElectricKettle - INFO - Р”РµР№СЃС‚РІРёРµ '2' Р±С‹Р»Рѕ РІС‹РїРѕР»РЅРµРЅРѕ
2023-02-22 14:48:01,894 - ElectricKettle - INFO - Действие '1' было выполнено
2023-02-22 14:48:01,894 - ElectricKettle - INFO - Р”РµР№СЃС‚РІРёРµ '1' Р±С‹Р»Рѕ РІС‹РїРѕР»РЅРµРЅРѕ
2023-02-22 14:48:31,114 - ElectricKettle - ERROR - Неверная команда
2023-02-22 14:48:31,114 - ElectricKettle - ERROR - РќРµРІРµСЂРЅР°СЏ РєРѕРјР°РЅРґР°
2023-02-22 14:51:41,013 - ElectricKettle - ERROR - Неверная команда
2023-02-22 14:51:41,013 - ElectricKettle - ERROR - РќРµРІРµСЂРЅР°СЏ РєРѕРјР°РЅРґР°
2023-02-22 14:52:28,117 - ElectricKettle - ERROR - Неверная команда
2023-02-22 14:52:28,117 - ElectricKettle - ERROR - РќРµРІРµСЂРЅР°СЏ РєРѕРјР°РЅРґР°
2023-02-22 15:08:14,483 - ElectricKettle - ERROR - Ошибка: Слишком много воды
2023-02-22 15:08:14,483 - ElectricKettle - ERROR - РћС€РёР±РєР°: РЎР»РёС€РєРѕРј РјРЅРѕРіРѕ РІРѕРґС‹
2023-02-22 15:08:15,661 - ElectricKettle - INFO - Действие '2' было выполнено
2023-02-22 15:08:15,661 - ElectricKettle - INFO - Р”РµР№СЃС‚РІРёРµ '2' Р±С‹Р»Рѕ РІС‹РїРѕР»РЅРµРЅРѕ
2023-02-22 15:10:08,031 - ElectricKettle - ERROR - Ошибка: Слишком много воды
2023-02-22 15:10:08,031 - ElectricKettle - ERROR - РћС€РёР±РєР°: РЎР»РёС€РєРѕРј РјРЅРѕРіРѕ РІРѕРґС‹
2023-02-22 15:10:08,905 - ElectricKettle - INFO - Действие '2' было выполнено
2023-02-22 15:10:08,905 - ElectricKettle - INFO - Р”РµР№СЃС‚РІРёРµ '2' Р±С‹Р»Рѕ РІС‹РїРѕР»РЅРµРЅРѕ
2023-02-22 15:10:18,008 - ElectricKettle - INFO - Действие '4' было выполнено
2023-02-22 15:10:18,008 - ElectricKettle - INFO - Р”РµР№СЃС‚РІРёРµ '4' Р±С‹Р»Рѕ РІС‹РїРѕР»РЅРµРЅРѕ
2023-02-22 15:10:19,484 - ElectricKettle - INFO - Действие '1' было выполнено
2023-02-22 15:10:19,484 - ElectricKettle - INFO - Р”РµР№СЃС‚РІРёРµ '1' Р±С‹Р»Рѕ РІС‹РїРѕР»РЅРµРЅРѕ
2023-02-22 15:10:20,557 - ElectricKettle - INFO - Действие '2' было выполнено
2023-02-22 15:10:20,557 - ElectricKettle - INFO - Р”РµР№СЃС‚РІРёРµ '2' Р±С‹Р»Рѕ РІС‹РїРѕР»РЅРµРЅРѕ
2023-02-22 15:14:24,760 - ElectricKettle - ERROR - Ошибка: Слишком много воды
2023-02-22 15:14:24,760 - ElectricKettle - ERROR - РћС€РёР±РєР°: РЎР»РёС€РєРѕРј РјРЅРѕРіРѕ РІРѕРґС‹
2023-02-22 15:14:25,641 - ElectricKettle - INFO - Действие '2' было выполнено
2023-02-22 15:14:25,641 - ElectricKettle - INFO - Р”РµР№СЃС‚РІРёРµ '2' Р±С‹Р»Рѕ РІС‹РїРѕР»РЅРµРЅРѕ
2023-02-22 15:14:28,350 - ElectricKettle - INFO - Действие '3' было выполнено
2023-02-22 15:14:28,350 - ElectricKettle - INFO - Р”РµР№СЃС‚РІРёРµ '3' Р±С‹Р»Рѕ РІС‹РїРѕР»РЅРµРЅРѕ
2023-02-22 15:14:29,727 - ElectricKettle - INFO - Действие '4' было выполнено
2023-02-22 15:14:29,727 - ElectricKettle - INFO - Р”РµР№СЃС‚РІРёРµ '4' Р±С‹Р»Рѕ РІС‹РїРѕР»РЅРµРЅРѕ
2023-02-22 15:14:31,871 - ElectricKettle - INFO - Действие '1' было выполнено
2023-02-22 15:14:31,871 - ElectricKettle - INFO - Р”РµР№СЃС‚РІРёРµ '1' Р±С‹Р»Рѕ РІС‹РїРѕР»РЅРµРЅРѕ
2023-02-22 15:14:32,726 - ElectricKettle - INFO - Действие '2' было выполнено
2023-02-22 15:14:32,726 - ElectricKettle - INFO - Р”РµР№СЃС‚РІРёРµ '2' Р±С‹Р»Рѕ РІС‹РїРѕР»РЅРµРЅРѕ
2023-02-22 15:18:32,356 - ElectricKettle - INFO - Действие '1' было выполнено
2023-02-22 15:18:32,356 - ElectricKettle - INFO - Р”РµР№СЃС‚РІРёРµ '1' Р±С‹Р»Рѕ РІС‹РїРѕР»РЅРµРЅРѕ
2023-02-22 15:18:33,041 - ElectricKettle - INFO - Действие '2' было выполнено
2023-02-22 15:18:33,041 - ElectricKettle - INFO - Р”РµР№СЃС‚РІРёРµ '2' Р±С‹Р»Рѕ РІС‹РїРѕР»РЅРµРЅРѕ
2023-02-22 15:18:53,540 - ElectricKettle - ERROR - Ошибка: Слишком много воды
2023-02-22 15:18:53,540 - ElectricKettle - ERROR - РћС€РёР±РєР°: РЎР»РёС€РєРѕРј РјРЅРѕРіРѕ РІРѕРґС‹
2023-02-22 15:18:54,566 - ElectricKettle - INFO - Действие '2' было выполнено
2023-02-22 15:18:54,566 - ElectricKettle - INFO - Р”РµР№СЃС‚РІРёРµ '2' Р±С‹Р»Рѕ РІС‹РїРѕР»РЅРµРЅРѕ
2023-02-22 15:19:39,846 - ElectricKettle - ERROR - Ошибка: Слишком много воды
2023-02-22 15:19:39,846 - ElectricKettle - ERROR - РћС€РёР±РєР°: РЎР»РёС€РєРѕРј РјРЅРѕРіРѕ РІРѕРґС‹
2023-02-22 15:19:40,853 - ElectricKettle - INFO - Действие '2' было выполнено
2023-02-22 15:19:40,853 - ElectricKettle - INFO - Р”РµР№СЃС‚РІРёРµ '2' Р±С‹Р»Рѕ РІС‹РїРѕР»РЅРµРЅРѕ
2023-02-22 15:23:01,197 - ElectricKettle - INFO - Действие '1' было выполнено
2023-02-22 15:23:01,197 - ElectricKettle - INFO - Р”РµР№СЃС‚РІРёРµ '1' Р±С‹Р»Рѕ РІС‹РїРѕР»РЅРµРЅРѕ
2023-02-22 15:23:01,955 - ElectricKettle - INFO - Действие '2' было выполнено
2023-02-22 15:23:01,955 - ElectricKettle - INFO - Р”РµР№СЃС‚РІРёРµ '2' Р±С‹Р»Рѕ РІС‹РїРѕР»РЅРµРЅРѕ
2023-02-22 15:24:37,975 - ElectricKettle - INFO - Действие '2' было выполнено
2023-02-22 15:24:37,975 - ElectricKettle - INFO - Р”РµР№СЃС‚РІРёРµ '2' Р±С‹Р»Рѕ РІС‹РїРѕР»РЅРµРЅРѕ
2023-02-22 15:26:19,524 - ElectricKettle - INFO - Действие '2' было выполнено
2023-02-22 15:26:19,524 - ElectricKettle - INFO - Р”РµР№СЃС‚РІРёРµ '2' Р±С‹Р»Рѕ РІС‹РїРѕР»РЅРµРЅРѕ
2023-02-22 15:26:42,037 - ElectricKettle - INFO - Действие '2' было выполнено
2023-02-22 15:26:42,037 - ElectricKettle - INFO - Р”РµР№СЃС‚РІРёРµ '2' Р±С‹Р»Рѕ РІС‹РїРѕР»РЅРµРЅРѕ
2023-02-22 15:27:10,098 - ElectricKettle - INFO - Действие '1' было выполнено
2023-02-22 15:27:10,098 - ElectricKettle - INFO - Р”РµР№СЃС‚РІРёРµ '1' Р±С‹Р»Рѕ РІС‹РїРѕР»РЅРµРЅРѕ
2023-02-22 15:27:10,775 - ElectricKettle - INFO - Действие '2' было выполнено
2023-02-22 15:27:10,775 - ElectricKettle - INFO - Р”РµР№СЃС‚РІРёРµ '2' Р±С‹Р»Рѕ РІС‹РїРѕР»РЅРµРЅРѕ
2023-02-22 15:28:00,230 - ElectricKettle - INFO - Действие '1' было выполнено
2023-02-22 15:28:00,230 - ElectricKettle - INFO - Р”РµР№СЃС‚РІРёРµ '1' Р±С‹Р»Рѕ РІС‹РїРѕР»РЅРµРЅРѕ
2023-02-22 15:28:00,911 - ElectricKettle - INFO - Действие '2' было выполнено
2023-02-22 15:28:00,911 - ElectricKettle - INFO - Р”РµР№СЃС‚РІРёРµ '2' Р±С‹Р»Рѕ РІС‹РїРѕР»РЅРµРЅРѕ
2023-02-22 15:37:04,091 - ElectricKettle - INFO - Действие '2' было выполнено
2023-02-22 15:37:04,091 - ElectricKettle - INFO - Р”РµР№СЃС‚РІРёРµ '2' Р±С‹Р»Рѕ РІС‹РїРѕР»РЅРµРЅРѕ
2023-02-22 15:42:34,937 - ElectricKettle - ERROR - Ошибка: Нет воды
2023-02-22 15:42:34,937 - ElectricKettle - ERROR - РћС€РёР±РєР°: РќРµС‚ РІРѕРґС‹
2023-02-22 15:42:41,956 - ElectricKettle - INFO - Действие '1' было выполнено
2023-02-22 15:42:41,956 - ElectricKettle - INFO - Р”РµР№СЃС‚РІРёРµ '1' Р±С‹Р»Рѕ РІС‹РїРѕР»РЅРµРЅРѕ
2023-02-22 15:42:43,128 - ElectricKettle - INFO - Действие '2' было выполнено
2023-02-22 15:42:43,128 - ElectricKettle - INFO - Р”РµР№СЃС‚РІРёРµ '2' Р±С‹Р»Рѕ РІС‹РїРѕР»РЅРµРЅРѕ
2023-02-22 15:43:50,010 - ElectricKettle - INFO - Действие '2' было выполнено
2023-02-22 15:43:50,010 - ElectricKettle - INFO - Р”РµР№СЃС‚РІРёРµ '2' Р±С‹Р»Рѕ РІС‹РїРѕР»РЅРµРЅРѕ
2023-02-22 15:44:05,473 - ElectricKettle - INFO - Действие '1' было выполнено
2023-02-22 15:44:05,473 - ElectricKettle - INFO - Р”РµР№СЃС‚РІРёРµ '1' Р±С‹Р»Рѕ РІС‹РїРѕР»РЅРµРЅРѕ
2023-02-22 15:44:06,062 - ElectricKettle - INFO - Действие '2' было выполнено
2023-02-22 15:44:06,062 - ElectricKettle - INFO - Р”РµР№СЃС‚РІРёРµ '2' Р±С‹Р»Рѕ РІС‹РїРѕР»РЅРµРЅРѕ
2023-02-22 15:44:57,154 - ElectricKettle - INFO - Действие '4' было выполнено
2023-02-22 15:44:57,154 - ElectricKettle - INFO - Р”РµР№СЃС‚РІРёРµ '4' Р±С‹Р»Рѕ РІС‹РїРѕР»РЅРµРЅРѕ
2023-02-22 15:44:59,014 - ElectricKettle - INFO - Действие '1' было выполнено
2023-02-22 15:44:59,014 - ElectricKettle - INFO - Р”РµР№СЃС‚РІРёРµ '1' Р±С‹Р»Рѕ РІС‹РїРѕР»РЅРµРЅРѕ
2023-02-22 15:45:01,029 - ElectricKettle - INFO - Действие '2' было выполнено
2023-02-22 15:45:01,029 - ElectricKettle - INFO - Р”РµР№СЃС‚РІРёРµ '2' Р±С‹Р»Рѕ РІС‹РїРѕР»РЅРµРЅРѕ
2023-02-22 15:45:40,858 - ElectricKettle - INFO - Действие '4' было выполнено
2023-02-22 15:45:40,858 - ElectricKettle - INFO - Р”РµР№СЃС‚РІРёРµ '4' Р±С‹Р»Рѕ РІС‹РїРѕР»РЅРµРЅРѕ
2023-02-22 15:45:42,314 - ElectricKettle - INFO - Действие '1' было выполнено
2023-02-22 15:45:42,314 - ElectricKettle - INFO - Р”РµР№СЃС‚РІРёРµ '1' Р±С‹Р»Рѕ РІС‹РїРѕР»РЅРµРЅРѕ
2023-02-22 15:45:42,934 - ElectricKettle - INFO - Действие '2' было выполнено
2023-02-22 15:45:42,934 - ElectricKettle - INFO - Р”РµР№СЃС‚РІРёРµ '2' Р±С‹Р»Рѕ РІС‹РїРѕР»РЅРµРЅРѕ
2023-02-22 15:46:14,568 - ElectricKettle - INFO - Действие '1' было выполнено
2023-02-22 15:46:14,568 - ElectricKettle - INFO - Р”РµР№СЃС‚РІРёРµ '1' Р±С‹Р»Рѕ РІС‹РїРѕР»РЅРµРЅРѕ
2023-02-22 15:46:15,333 - ElectricKettle - INFO - Действие '2' было выполнено
2023-02-22 15:46:15,333 - ElectricKettle - INFO - Р”РµР№СЃС‚РІРёРµ '2' Р±С‹Р»Рѕ РІС‹РїРѕР»РЅРµРЅРѕ
2023-02-22 15:55:17,143 - ElectricKettle - INFO - Действие '1' было выполнено
2023-02-22 15:55:17,143 - ElectricKettle - INFO - Р”РµР№СЃС‚РІРёРµ '1' Р±С‹Р»Рѕ РІС‹РїРѕР»РЅРµРЅРѕ
2023-02-22 15:55:18,233 - ElectricKettle - INFO - Действие '2' было выполнено
2023-02-22 15:55:18,233 - ElectricKettle - INFO - Р”РµР№СЃС‚РІРёРµ '2' Р±С‹Р»Рѕ РІС‹РїРѕР»РЅРµРЅРѕ
2023-02-22 15:55:52,262 - ElectricKettle - INFO - Действие '1' было выполнено
2023-02-22 15:55:52,262 - ElectricKettle - INFO - Р”РµР№СЃС‚РІРёРµ '1' Р±С‹Р»Рѕ РІС‹РїРѕР»РЅРµРЅРѕ
2023-02-22 15:55:52,810 - ElectricKettle - INFO - Действие '2' было выполнено
2023-02-22 15:55:52,810 - ElectricKettle - INFO - Р”РµР№СЃС‚РІРёРµ '2' Р±С‹Р»Рѕ РІС‹РїРѕР»РЅРµРЅРѕ
2023-02-22 15:58:46,744 - ElectricKettle - INFO - Действие '1' было выполнено
2023-02-22 15:58:46,744 - ElectricKettle - INFO - Р”РµР№СЃС‚РІРёРµ '1' Р±С‹Р»Рѕ РІС‹РїРѕР»РЅРµРЅРѕ
2023-02-22 15:58:47,518 - ElectricKettle - INFO - Действие '2' было выполнено
2023-02-22 15:58:47,518 - ElectricKettle - INFO - Р”РµР№СЃС‚РІРёРµ '2' Р±С‹Р»Рѕ РІС‹РїРѕР»РЅРµРЅРѕ
2023-02-22 16:02:33,440 - ElectricKettle - INFO - Действие '1' было выполнено
2023-02-22 16:02:33,440 - ElectricKettle - INFO - Р”РµР№СЃС‚РІРёРµ '1' Р±С‹Р»Рѕ РІС‹РїРѕР»РЅРµРЅРѕ
2023-02-22 16:02:36,792 - ElectricKettle - INFO - Действие '2' было выполнено
2023-02-22 16:02:36,792 - ElectricKettle - INFO - Р”РµР№СЃС‚РІРёРµ '2' Р±С‹Р»Рѕ РІС‹РїРѕР»РЅРµРЅРѕ
2023-02-22 16:02:40,602 - ElectricKettle - INFO - Действие '3' было выполнено
2023-02-22 16:02:40,602 - ElectricKettle - INFO - Р”РµР№СЃС‚РІРёРµ '3' Р±С‹Р»Рѕ РІС‹РїРѕР»РЅРµРЅРѕ
2023-02-22 16:02:43,468 - ElectricKettle - INFO - Действие '2' было выполнено
2023-02-22 16:02:43,468 - ElectricKettle - INFO - Р”РµР№СЃС‚РІРёРµ '2' Р±С‹Р»Рѕ РІС‹РїРѕР»РЅРµРЅРѕ
2023-02-22 17:28:33,629 - ElectricKettle - INFO - Действие '1' было выполнено
2023-02-22 17:28:33,629 - ElectricKettle - INFO - Р”РµР№СЃС‚РІРёРµ '1' Р±С‹Р»Рѕ РІС‹РїРѕР»РЅРµРЅРѕ
2023-02-22 17:28:51,624 - ElectricKettle - ERROR - Ошибка: Слишком много воды
2023-02-22 17:28:51,624 - ElectricKettle - ERROR - РћС€РёР±РєР°: РЎР»РёС€РєРѕРј РјРЅРѕРіРѕ РІРѕРґС‹
2023-02-22 17:29:04,613 - ElectricKettle - INFO - Действие '1' было выполнено
2023-02-22 17:29:04,613 - ElectricKettle - INFO - Р”РµР№СЃС‚РІРёРµ '1' Р±С‹Р»Рѕ РІС‹РїРѕР»РЅРµРЅРѕ
2023-02-22 17:29:10,994 - ElectricKettle - INFO - Действие '2' было выполнено
2023-02-22 17:29:10,994 - ElectricKettle - INFO - Р”РµР№СЃС‚РІРёРµ '2' Р±С‹Р»Рѕ РІС‹РїРѕР»РЅРµРЅРѕ
2023-02-22 17:29:14,508 - ElectricKettle - INFO - Действие '3' было выполнено
2023-02-22 17:29:14,508 - ElectricKettle - INFO - Р”РµР№СЃС‚РІРёРµ '3' Р±С‹Р»Рѕ РІС‹РїРѕР»РЅРµРЅРѕ
2023-02-22 17:29:18,460 - ElectricKettle - INFO - Действие '6' было выполнено
2023-02-22 17:29:18,460 - ElectricKettle - INFO - Р”РµР№СЃС‚РІРёРµ '6' Р±С‹Р»Рѕ РІС‹РїРѕР»РЅРµРЅРѕ
2023-02-22 17:29:22,352 - ElectricKettle - INFO - Действие '2' было выполнено
2023-02-22 17:29:22,352 - ElectricKettle - INFO - Р”РµР№СЃС‚РІРёРµ '2' Р±С‹Р»Рѕ РІС‹РїРѕР»РЅРµРЅРѕ
2023-02-22 17:30:03,801 - ElectricKettle - INFO - Действие '1' было выполнено
2023-02-22 17:30:03,801 - ElectricKettle - INFO - Р”РµР№СЃС‚РІРёРµ '1' Р±С‹Р»Рѕ РІС‹РїРѕР»РЅРµРЅРѕ
2023-02-22 17:30:04,571 - ElectricKettle - INFO - Действие '2' было выполнено
2023-02-22 17:30:04,571 - ElectricKettle - INFO - Р”РµР№СЃС‚РІРёРµ '2' Р±С‹Р»Рѕ РІС‹РїРѕР»РЅРµРЅРѕ
